<?xml version="1.0" encoding="UTF-8"?>
<testng-results total="0" passed="0" failed="0" skipped="0">
  <reporter-output>
  </reporter-output>
  <suite started-at="2022-10-12T05:39:17Z" name="Surefire suite" finished-at="2022-10-12T05:39:21Z" duration-ms="4040">
    <groups>
    </groups>
    <test started-at="2022-10-12T05:39:17Z" name="Surefire test" finished-at="2022-10-12T05:39:21Z" duration-ms="4040">
      <class name="test2.Class3">
        <test-method is-config="true" signature="BT()[pri:0, instance:test2.Class3@145f66e3]" started-at="2022-10-12T11:09:17Z" name="BT" finished-at="2022-10-12T11:09:21Z" duration-ms="4022" status="PASS">
          <reporter-output>
          </reporter-output>
        </test-method> <!-- BT -->
      </class> <!-- test2.Class3 -->
    </test> <!-- Surefire test -->
  </suite> <!-- Surefire suite -->
</testng-results>
